<?xml version="1.0" encoding="UTF-8"?>
<!-- Generated by org.testng.reporters.JUnitXMLReporter -->
<testsuite hostname="Nareshs-MacBook-Air.local" name="ChromeTest" tests="3" failures="1" timestamp="14 Jan 2016 15:11:42 GMT" time="2.112" errors="0">
  <testcase name="@BeforeClass launchBrowser" time="0.0" classname="com.test.FirstTestNG">
    <failure type="java.lang.IllegalStateException" message="The driver executable is a directory: /Users/naresh/Downloads">
      <![CDATA[java.lang.IllegalStateException: The driver executable is a directory: /Users/naresh/Downloads
	at com.google.common.base.Preconditions.checkState(Preconditions.java:199)
	at org.openqa.selenium.remote.service.DriverService.checkExecutable(DriverService.java:123)
	at org.openqa.selenium.remote.service.DriverService.findExecutable(DriverService.java:116)
	at org.openqa.selenium.chrome.ChromeDriverService.access$000(ChromeDriverService.java:32)
	at org.openqa.selenium.chrome.ChromeDriverService$Builder.findDefaultExecutable(ChromeDriverService.java:137)
	at org.openqa.selenium.remote.service.DriverService$Builder.build(DriverService.java:296)
	at org.openqa.selenium.chrome.ChromeDriverService.createDefaultService(ChromeDriverService.java:88)
	at org.openqa.selenium.chrome.ChromeDriver.<init>(ChromeDriver.java:116)
	at com.test.FirstTestNG.launchBrowser(FirstTestNG.java:26)
	at java.util.concurrent.FutureTask.run(FutureTask.java:266)
	at java.util.concurrent.ThreadPoolExecutor.runWorker(ThreadPoolExecutor.java:1142)
	at java.util.concurrent.ThreadPoolExecutor$Worker.run(ThreadPoolExecutor.java:617)
	at java.lang.Thread.run(Thread.java:745)
... Removed 16 stack frames]]>
    </failure>
  </testcase> <!-- @BeforeClass launchBrowser -->
  <testcase name="tc_1" time="0.0" classname="com.test.FirstTestNG">
    <skipped/>
  </testcase> <!-- tc_1 -->
  <testcase name="tc_2" time="0.0" classname="com.test.FirstTestNG">
    <skipped/>
  </testcase> <!-- tc_2 -->
  <testcase name="tc_3" time="2.009" classname="com.test.SecondTestNG">
    <failure type="java.lang.NullPointerException">
      <![CDATA[java.lang.NullPointerException
	at com.test.SecondTestNG.tc_3(SecondTestNG.java:18)
	at java.util.concurrent.FutureTask.run(FutureTask.java:266)
	at java.util.concurrent.ThreadPoolExecutor.runWorker(ThreadPoolExecutor.java:1142)
	at java.util.concurrent.ThreadPoolExecutor$Worker.run(ThreadPoolExecutor.java:617)
	at java.lang.Thread.run(Thread.java:745)
... Removed 16 stack frames]]>
    </failure>
  </testcase> <!-- tc_3 -->
</testsuite> <!-- ChromeTest -->
